<?xml version="1.0" encoding="UTF-8"?>
<testsuite name="ru.ac.uniyar.testingcourse.CounterTest" tests="1" skipped="0" failures="0" errors="0" timestamp="2021-04-07T11:53:24" hostname="WIN-58LGH7NSSMF" time="0.002">
  <properties/>
  <testcase name="testReset" classname="ru.ac.uniyar.testingcourse.CounterTest" time="0.002"/>
  <system-out><![CDATA[]]></system-out>
  <system-err><![CDATA[]]></system-err>
</testsuite>
